<?xml version="1.0" encoding="utf-8"?><testsuites name="pytest tests"><testsuite name="pytest" errors="0" failures="0" skipped="1" tests="78" time="41.428" timestamp="2025-10-31T08:49:57.484111-07:00" hostname="timelock.local"><testcase classname="tests.test_agents.TestAgentState" name="test_agent_state_initialization" time="0.038" /><testcase classname="tests.test_agents.TestActiveInferenceAgent" name="test_agent_initialization" time="0.240" /><testcase classname="tests.test_agents.TestActiveInferenceAgent" name="test_agent_perceive" time="0.915" /><testcase classname="tests.test_agents.TestActiveInferenceAgent" name="test_agent_act" time="0.291" /><testcase classname="tests.test_agents.TestActiveInferenceAgent" name="test_agent_step" time="0.346" /><testcase classname="tests.test_agents.TestActiveInferenceAgent" name="test_agent_reset" time="0.005" /><testcase classname="tests.test_agents.TestActiveInferenceAgent" name="test_agent_get_action_distribution" time="0.033" /><testcase classname="tests.test_agents.TestActiveInferenceAgent" name="test_agent_seeks_goal" time="0.040" /><testcase classname="tests.test_agents.TestPlanning" name="test_plan_action_greedy" time="0.028" /><testcase classname="tests.test_agents.TestPlanning" name="test_plan_with_tree_search" time="0.038" /><testcase classname="tests.test_agents.TestPlanning" name="test_tree_search_with_branching" time="0.009" /><testcase classname="tests.test_agents.TestAgentBehavior" name="test_agent_multi_step_episode" time="1.557" /><testcase classname="tests.test_agents.TestAgentBehavior" name="test_agent_exploration_vs_exploitation" time="0.060" /><testcase classname="tests.test_core.TestGenerativeModel" name="test_model_initialization" time="0.083" /><testcase classname="tests.test_core.TestGenerativeModel" name="test_observation_likelihood" time="0.005" /><testcase classname="tests.test_core.TestGenerativeModel" name="test_state_transition" time="0.005" /><testcase classname="tests.test_core.TestGenerativeModel" name="test_predict_observation" time="0.004" /><testcase classname="tests.test_core.TestGenerativeModel" name="test_predict_next_state" time="0.023" /><testcase classname="tests.test_core.TestGenerativeModel" name="test_hierarchical_model" time="0.005" /><testcase classname="tests.test_core.TestFreeEnergy" name="test_variational_free_energy" time="0.005" /><testcase classname="tests.test_core.TestFreeEnergy" name="test_expected_free_energy" time="0.007" /><testcase classname="tests.test_core.TestFreeEnergy" name="test_batch_expected_free_energy" time="0.021" /><testcase classname="tests.test_core.TestFreeEnergy" name="test_efe_prefers_goal_states" time="0.000"><skipped type="pytest.skip" message="EFE calculation needs review - preferences not weighted correctly">/Users/4d/Documents/GitHub/thrml/active_inference/tests/test_core.py:123: EFE calculation needs review - preferences not weighted correctly</skipped></testcase><testcase classname="tests.test_core.TestPrecision" name="test_precision_initialization" time="0.001" /><testcase classname="tests.test_core.TestPrecision" name="test_message_creation" time="0.028" /><testcase classname="tests.test_core.TestPrecision" name="test_weight_prediction_error" time="0.054" /><testcase classname="tests.test_core.TestPrecision" name="test_softmax_with_precision" time="0.060" /><testcase classname="tests.test_core.TestUtilityFunctions" name="test_normalize_distribution" time="0.013" /><testcase classname="tests.test_core.TestUtilityFunctions" name="test_softmax_stable" time="0.013" /><testcase classname="tests.test_environments.TestGridWorld" name="test_grid_world_initialization" time="0.006" /><testcase classname="tests.test_environments.TestGridWorld" name="test_grid_world_reset" time="0.106" /><testcase classname="tests.test_environments.TestGridWorld" name="test_grid_world_step" time="0.062" /><testcase classname="tests.test_environments.TestGridWorld" name="test_grid_world_boundaries" time="0.016" /><testcase classname="tests.test_environments.TestGridWorld" name="test_grid_world_obstacles" time="0.002" /><testcase classname="tests.test_environments.TestGridWorld" name="test_grid_world_goal" time="0.002" /><testcase classname="tests.test_environments.TestGridWorld" name="test_state_conversions" time="0.005" /><testcase classname="tests.test_environments.TestTMaze" name="test_tmaze_initialization" time="0.000" /><testcase classname="tests.test_environments.TestTMaze" name="test_tmaze_reset" time="0.033" /><testcase classname="tests.test_environments.TestTMaze" name="test_tmaze_cue_presentation" time="0.104" /><testcase classname="tests.test_environments.TestTMaze" name="test_tmaze_navigation" time="0.001" /><testcase classname="tests.test_environments.TestTMaze" name="test_tmaze_reward_side" time="0.001" /><testcase classname="tests.test_environments.TestEnvironmentIntegration" name="test_grid_world_full_episode" time="0.043" /><testcase classname="tests.test_environments.TestEnvironmentIntegration" name="test_tmaze_full_episode" time="0.001" /><testcase classname="tests.test_inference.TestStateInference" name="test_infer_states_basic" time="0.043" /><testcase classname="tests.test_inference.TestStateInference" name="test_infer_states_convergence" time="0.020" /><testcase classname="tests.test_inference.TestStateInference" name="test_infer_states_with_certain_observation" time="0.005" /><testcase classname="tests.test_inference.TestStateInference" name="test_variational_message_passing" time="0.007" /><testcase classname="tests.test_inference.TestStateInference" name="test_update_belief_batch" time="0.250" /><testcase classname="tests.test_inference.TestThrmlInference" name="test_thrml_engine_initialization" time="0.004" /><testcase classname="tests.test_inference.TestThrmlInference" name="test_thrml_infer_with_sampling" time="0.486" /><testcase classname="tests.test_inference.TestThrmlInference" name="test_thrml_sample_trajectory" time="0.005" /><testcase classname="tests.test_inference.TestInferenceProperties" name="test_inference_reduces_uncertainty" time="0.006" /><testcase classname="tests.test_inference.TestInferenceProperties" name="test_inference_respects_likelihood" time="0.028" /><testcase classname="tests.test_integration.TestGridWorldIntegration" name="test_agent_navigates_grid_world" time="4.591" /><testcase classname="tests.test_integration.TestGridWorldIntegration" name="test_agent_avoids_obstacles" time="6.731" /><testcase classname="tests.test_integration.TestTMazeIntegration" name="test_agent_navigates_tmaze" time="2.308" /><testcase classname="tests.test_integration.TestTMazeIntegration" name="test_agent_uses_cues" time="5.320" /><testcase classname="tests.test_integration.TestLearningBehavior" name="test_free_energy_decreases_with_information" time="9.097" /><testcase classname="tests.test_integration.TestRobustness" name="test_agent_handles_noisy_observations" time="4.826" /><testcase classname="tests.test_integration.TestRobustness" name="test_agent_handles_degenerate_cases" time="0.123" /><testcase classname="tests.test_thrml_integration.TestThrmlCoreIntegration" name="test_spin_node_creation" time="0.000" /><testcase classname="tests.test_thrml_integration.TestThrmlCoreIntegration" name="test_categorical_node_creation" time="0.000" /><testcase classname="tests.test_thrml_integration.TestThrmlCoreIntegration" name="test_block_creation" time="0.000" /><testcase classname="tests.test_thrml_integration.TestThrmlCoreIntegration" name="test_block_gibbs_spec" time="0.000" /><testcase classname="tests.test_thrml_integration.TestThrmlIsing" name="test_ising_model_creation" time="0.024" /><testcase classname="tests.test_thrml_integration.TestThrmlIsing" name="test_ising_sampling_program" time="0.173" /><testcase classname="tests.test_thrml_integration.TestThrmlIsing" name="test_hinton_initialization" time="0.083" /><testcase classname="tests.test_thrml_integration.TestThrmlIsing" name="test_ising_sampling" time="0.390" /><testcase classname="tests.test_thrml_integration.TestThrmlDiscreteEBM" name="test_spin_ebm_factor" time="0.001" /><testcase classname="tests.test_thrml_integration.TestThrmlDiscreteEBM" name="test_categorical_ebm_factor" time="0.011" /><testcase classname="tests.test_thrml_integration.TestThrmlDiscreteEBM" name="test_spin_gibbs_conditional" time="0.000" /><testcase classname="tests.test_thrml_integration.TestThrmlDiscreteEBM" name="test_categorical_gibbs_conditional" time="0.000" /><testcase classname="tests.test_thrml_integration.TestThrmlDiscreteEBM" name="test_categorical_sampling" time="0.458" /><testcase classname="tests.test_thrml_integration.TestThrmlIntegrationWithActiveInference" name="test_active_inference_can_use_thrml_nodes" time="0.039" /><testcase classname="tests.test_thrml_integration.TestThrmlIntegrationWithActiveInference" name="test_thrml_sampling_schedule_compatible" time="0.000" /><testcase classname="tests.test_thrml_integration.TestThrmlIntegrationWithActiveInference" name="test_thrml_jax_compatibility" time="0.018" /><testcase classname="tests.test_thrml_integration.TestThrmlDocumentationExamples" name="test_readme_example" time="0.454" /><testcase classname="tests.test_thrml_integration.TestThrmlPerformance" name="test_large_ising_model" time="0.777" /></testsuite></testsuites>
