<?xml version="1.0" encoding="utf-8"?><testsuites name="pytest tests"><testsuite name="pytest" errors="0" failures="0" skipped="0" tests="18" time="4.284" timestamp="2025-10-31T08:50:42.211187-07:00" hostname="timelock.local"><testcase classname="tests.test_thrml_integration.TestThrmlCoreIntegration" name="test_spin_node_creation" time="0.001" /><testcase classname="tests.test_thrml_integration.TestThrmlCoreIntegration" name="test_categorical_node_creation" time="0.000" /><testcase classname="tests.test_thrml_integration.TestThrmlCoreIntegration" name="test_block_creation" time="0.000" /><testcase classname="tests.test_thrml_integration.TestThrmlCoreIntegration" name="test_block_gibbs_spec" time="0.000" /><testcase classname="tests.test_thrml_integration.TestThrmlIsing" name="test_ising_model_creation" time="0.114" /><testcase classname="tests.test_thrml_integration.TestThrmlIsing" name="test_ising_sampling_program" time="0.220" /><testcase classname="tests.test_thrml_integration.TestThrmlIsing" name="test_hinton_initialization" time="0.165" /><testcase classname="tests.test_thrml_integration.TestThrmlIsing" name="test_ising_sampling" time="0.803" /><testcase classname="tests.test_thrml_integration.TestThrmlDiscreteEBM" name="test_spin_ebm_factor" time="0.001" /><testcase classname="tests.test_thrml_integration.TestThrmlDiscreteEBM" name="test_categorical_ebm_factor" time="0.012" /><testcase classname="tests.test_thrml_integration.TestThrmlDiscreteEBM" name="test_spin_gibbs_conditional" time="0.000" /><testcase classname="tests.test_thrml_integration.TestThrmlDiscreteEBM" name="test_categorical_gibbs_conditional" time="0.000" /><testcase classname="tests.test_thrml_integration.TestThrmlDiscreteEBM" name="test_categorical_sampling" time="0.764" /><testcase classname="tests.test_thrml_integration.TestThrmlIntegrationWithActiveInference" name="test_active_inference_can_use_thrml_nodes" time="0.346" /><testcase classname="tests.test_thrml_integration.TestThrmlIntegrationWithActiveInference" name="test_thrml_sampling_schedule_compatible" time="0.000" /><testcase classname="tests.test_thrml_integration.TestThrmlIntegrationWithActiveInference" name="test_thrml_jax_compatibility" time="0.042" /><testcase classname="tests.test_thrml_integration.TestThrmlDocumentationExamples" name="test_readme_example" time="0.515" /><testcase classname="tests.test_thrml_integration.TestThrmlPerformance" name="test_large_ising_model" time="0.782" /></testsuite></testsuites>
